<?xml version="1.0" encoding="UTF-8"?>
<!-- Generated by org.testng.reporters.JUnitReportReporter -->
<testsuite hostname="Er_Ankur_Sharma" failures="0" tests="2" name="crm.qa.testcases.LoginpageTest" time="16.316" errors="0" timestamp="2024-11-26T17:44:23 IST" skipped="0">
  <testcase classname="crm.qa.testcases.LoginpageTest" name="atlogoTest" time="7.981"/>
  <testcase classname="crm.qa.testcases.LoginpageTest" name="loginTest" time="8.335"/>
</testsuite> <!-- crm.qa.testcases.LoginpageTest -->
